C51 COMPILER V9.00   DATAPRO                                                               10/15/2019 21:56:18 PAGE 1   


C51 COMPILER V9.00, COMPILATION OF MODULE DATAPRO
OBJECT MODULE PLACED IN .\Objects\dataPro.obj
COMPILER INVOKED BY: E:\Keil_v5\C51\BIN\C51.EXE dataPro.c OPTIMIZE(8,SPEED) BROWSE DEBUG OBJECTEXTEND PRINT(.\Listings\d
                    -ataPro.lst) TABS(2) OBJECT(.\Objects\dataPro.obj)

line level    source

   1          /*###################################*/
   2          /*用于将电压信息+温度信息转换为电导率*/
   3          /*###################################*/
   4          
   5          #include <reg52.h>
   6          
   7          //int VTtoTDS(int T,int V)
   8          //{                   //T修正=1+0.02*（T测试-25），此处接受的温度为整数，相当于实际温度的100倍
   9          //  int Tf,Vf;        //故计算公式变为： Tf=T修正*100=100+2*(T测试-25），Vf=V修正*100=T修正*V测试*100
  10          //  Tf = 100+2*（T-25);
  11          //  Vf = Tf*V*100;
  12          //  
  13          //  return 0;
  14          //}


MODULE INFORMATION:   STATIC OVERLAYABLE
   CODE SIZE        =   ----    ----
   CONSTANT SIZE    =   ----    ----
   XDATA SIZE       =   ----    ----
   PDATA SIZE       =   ----    ----
   DATA SIZE        =   ----    ----
   IDATA SIZE       =   ----    ----
   BIT SIZE         =   ----    ----
END OF MODULE INFORMATION.


C51 COMPILATION COMPLETE.  0 WARNING(S),  0 ERROR(S)
