C51 COMPILER V9.00   PCF8591                                                               10/15/2019 21:56:19 PAGE 1   


C51 COMPILER V9.00, COMPILATION OF MODULE PCF8591
OBJECT MODULE PLACED IN .\Objects\PCF8591.obj
COMPILER INVOKED BY: E:\Keil_v5\C51\BIN\C51.EXE PCF8591.c OPTIMIZE(8,SPEED) BROWSE DEBUG OBJECTEXTEND PRINT(.\Listings\P
                    -CF8591.lst) TABS(2) OBJECT(.\Objects\PCF8591.obj)

line level    source

   1          #include "PCF8591.h"
   2          #include "I2C.h"
   3          
   4          /*******************************************************************
   5          DAC 变换, 转化函数            用不到，留下无妨   
   6          *******************************************************************/
   7          //bit DACconversion(unsigned char sla,unsigned char c,  unsigned char Val)
   8          //{
   9          //   Start_I2c();              //启动总线
  10          //   SendByte(sla);            //发送器件地址
  11          //   if(ack==0)return(0);
  12          //   SendByte(c);              //发送控制字节
  13          //   if(ack==0)return(0);
  14          //   SendByte(Val);            //发送DAC的数值  
  15          //   if(ack==0)return(0);
  16          //   Stop_I2c();               //结束总线
  17          //   return(1);
  18          //}
  19          
  20          /*******************************************************************
  21          ADC发送字节[命令]数据函数               
  22          *******************************************************************/
  23          bit ISendByte(unsigned char sla,unsigned char c)
  24          {
  25   1         Start_I2c();              //启动总线
  26   1         SendByte(sla);            //发送器件地址
  27   1         if(ack==0)return(0);
  28   1         SendByte(c);              //发送数据
  29   1         if(ack==0)return(0);
  30   1         Stop_I2c();               //结束总线
  31   1         return(1);
  32   1      }
  33          
  34          /*******************************************************************
  35          ADC读字节数据函数               
  36          *******************************************************************/
  37          unsigned char IRcvByte(unsigned char sla)
  38          {  
  39   1        unsigned char c;
  40   1      
  41   1         Start_I2c();          //启动总线
  42   1         SendByte(sla+1);      //发送器件地址
  43   1         if(ack==0)return(0);           //*ack的值在I2C的函数中操作
  44   1         c=RcvByte();          //读取数据0
  45   1      
  46   1         Ack_I2c(1);           //发送非就答位
  47   1         Stop_I2c();           //结束总线
  48   1         return(c);
  49   1      }


MODULE INFORMATION:   STATIC OVERLAYABLE
   CODE SIZE        =     66    ----
   CONSTANT SIZE    =   ----    ----
C51 COMPILER V9.00   PCF8591                                                               10/15/2019 21:56:19 PAGE 2   

   XDATA SIZE       =   ----    ----
   PDATA SIZE       =   ----    ----
   DATA SIZE        =   ----       4
   IDATA SIZE       =   ----    ----
   BIT SIZE         =   ----    ----
END OF MODULE INFORMATION.


C51 COMPILATION COMPLETE.  0 WARNING(S),  0 ERROR(S)
