C51 COMPILER V9.00   TDSCOLLECTION                                                         10/15/2019 21:56:19 PAGE 1   


C51 COMPILER V9.00, COMPILATION OF MODULE TDSCOLLECTION
OBJECT MODULE PLACED IN .\Objects\TDScollection.obj
COMPILER INVOKED BY: E:\Keil_v5\C51\BIN\C51.EXE TDScollection.c OPTIMIZE(8,SPEED) BROWSE DEBUG OBJECTEXTEND PRINT(.\List
                    -ings\TDScollection.lst) TABS(2) OBJECT(.\Objects\TDScollection.obj)

line level    source

   1          /********************(C) COPRIGHT 2019 Crownto electronic **************************
   2           * 文件名  ：main.c
   3           * 描述    ：        
   4           * 硬件连接：
   5           * PCF8591:VCC -> 5V; GND -> GND; SCL -> P1.6;SDA -> P1.7; 
   6           
   7           * LCD1602:RS -> P2.5; RW -> P2.6; E -> P2.7;
   8           *         D0~D7 -> P0口
   9           * TDS传感器模块: VCC -> 5V; GND -> GND; AO -> AIN0;
  10           *
  11           * 功能描述：测量TDS值液晶显示；
  12                       串口接收测量所得的TDS值（波特率9600）；
  13           *           可连接上位机显示TDS值；
  14           * 淘宝    ：https://ilovemcu.taobao.com
  15          **********************************************************************************/
  16          
  17          #include <reg52.h>
  18          #include <include.h>
  19          #include "DS18B20.h"
  20          
  21          
  22          /**************外部变量定义************************/
  23          int num=0; 
  24          /**************变量定义***************************/
  25          double PH=0.0;
  26          unsigned char disbuff[9]={0};
  27          double ADC_Voltage=0.0;
  28          float TDS_voltage;
  29          float TDS_value=0.0;
  30          float temp_data=25.0;
  31          float compensationCoefficient=1.0;//温度校准系数(T修正),T修正=1+0.02*（T测试-25）
  32          float compensationVolatge;
  33          float kValue=1.0;
  34          
  35          
  36          void Get_Voltage_Value()
  37          {
  38   1        ISendByte(PCF8591,0x40);    //*第一个参数为器件，第二个参数为发送的数据（控制字节）0x40表示使能，取消自动增
             -量，选择通道0
  39   1            num=IRcvByte(PCF8591);  //ADC0 模数转换1      PH电极
  40   1            ADC_Voltage =num * 5.0/ 255;  //转换为电压值
  41   1      }
  42          /*
  43           * 函数名：Character_Conversion
  44           * 描述  ：延时函数
  45           *         
  46           * 输入  ：unsigned char n：延时量
  47           * 输出  ：无
  48           * 说明  ：
  49           */
  50          /**************TDS值采集函数***************/
  51          int TDS_Value_Conversion()
  52          {
  53   1      
C51 COMPILER V9.00   TDSCOLLECTION                                                         10/15/2019 21:56:19 PAGE 2   

  54   1        Get_Voltage_Value();
  55   1      
  56   1        TDS_voltage=(num*5.0)/256;
  57   1        compensationCoefficient=1.0+0.02*((temp_data/10)-25.0); 
  58   1        compensationVolatge=TDS_voltage*compensationCoefficient;      //  /还是* ？？？？？？？？？？？？？
  59   1        TDS_value=(133.42*compensationVolatge*compensationVolatge*compensationVolatge - 
  60   1        255.86*compensationVolatge*compensationVolatge + 857.39*compensationVolatge)*0.5*kValue; //求出TDS测试值
  61   1        
  62   1          if((TDS_value<=0)){TDS_value=0;}
  63   1          if((TDS_value>1400)){TDS_value=1400;}
  64   1      
  65   1          TDS_value = TDS_value*10+0.5; //保留一位小数并四舍五入
  66   1          TDS_value = (int)TDS_value;
  67   1      
  68   1          
  69   1          return TDS_value;
  70   1      }
  71          
  72          


MODULE INFORMATION:   STATIC OVERLAYABLE
   CODE SIZE        =    442    ----
   CONSTANT SIZE    =   ----    ----
   XDATA SIZE       =   ----    ----
   PDATA SIZE       =   ----    ----
   DATA SIZE        =     43    ----
   IDATA SIZE       =   ----    ----
   BIT SIZE         =   ----    ----
END OF MODULE INFORMATION.


C51 COMPILATION COMPLETE.  0 WARNING(S),  0 ERROR(S)
